<?xml version="1.0" encoding="UTF-8"?>
<testng-results ignored="0" total="2" passed="2" failed="0" skipped="0">
  <reporter-output>
  </reporter-output>
  <suite started-at="2023-05-12T20:04:58 BST" name="Default suite" finished-at="2023-05-12T20:05:41 BST" duration-ms="42654">
    <groups>
    </groups>
    <test started-at="2023-05-12T20:04:58 BST" name="Default test" finished-at="2023-05-12T20:05:41 BST" duration-ms="42654">
      <class name="TestCases.MyFirstTestCaseFW">
        <test-method is-config="true" signature="setUp()[pri:0, instance:TestCases.MyFirstTestCaseFW@6fdbe764]" started-at="2023-05-12T20:05:00 BST" name="setUp" finished-at="2023-05-12T20:05:18 BST" duration-ms="17700" status="PASS">
          <reporter-output>
          </reporter-output>
        </test-method> <!-- setUp -->
        <test-method signature="LoginTest(java.lang.String,java.lang.String)[pri:0, instance:TestCases.MyFirstTestCaseFW@6fdbe764]" started-at="2023-05-12T20:05:18 BST" name="LoginTest" data-provider="testdata" finished-at="2023-05-12T20:05:26 BST" duration-ms="8051" status="PASS">
          <params>
            <param index="0">
              <value>
                <![CDATA[sb.fitness79@gamil.com]]>
              </value>
            </param>
            <param index="1">
              <value>
                <![CDATA[automation8976]]>
              </value>
            </param>
          </params>
          <reporter-output>
          </reporter-output>
        </test-method> <!-- LoginTest -->
        <test-method is-config="true" signature="tearDown()[pri:0, instance:TestCases.MyFirstTestCaseFW@6fdbe764]" started-at="2023-05-12T20:05:26 BST" name="tearDown" finished-at="2023-05-12T20:05:27 BST" duration-ms="739" status="PASS">
          <reporter-output>
          </reporter-output>
        </test-method> <!-- tearDown -->
        <test-method is-config="true" signature="setUp()[pri:0, instance:TestCases.MyFirstTestCaseFW@6fdbe764]" started-at="2023-05-12T20:05:27 BST" name="setUp" finished-at="2023-05-12T20:05:34 BST" duration-ms="7719" status="PASS">
          <reporter-output>
          </reporter-output>
        </test-method> <!-- setUp -->
        <test-method signature="LoginTest(java.lang.String,java.lang.String)[pri:0, instance:TestCases.MyFirstTestCaseFW@6fdbe764]" started-at="2023-05-12T20:05:34 BST" name="LoginTest" data-provider="testdata" finished-at="2023-05-12T20:05:41 BST" duration-ms="6239" status="PASS">
          <params>
            <param index="0">
              <value>
                <![CDATA[sb.fitness79@gmail.com]]>
              </value>
            </param>
            <param index="1">
              <value>
                <![CDATA[Automation123]]>
              </value>
            </param>
          </params>
          <reporter-output>
          </reporter-output>
        </test-method> <!-- LoginTest -->
        <test-method is-config="true" signature="tearDown()[pri:0, instance:TestCases.MyFirstTestCaseFW@6fdbe764]" started-at="2023-05-12T20:05:41 BST" name="tearDown" finished-at="2023-05-12T20:05:41 BST" duration-ms="300" status="PASS">
          <reporter-output>
          </reporter-output>
        </test-method> <!-- tearDown -->
      </class> <!-- TestCases.MyFirstTestCaseFW -->
    </test> <!-- Default test -->
  </suite> <!-- Default suite -->
</testng-results>
