<?xml version="1.0" encoding="UTF-8"?>
<testng-results ignored="0" total="2" passed="2" failed="0" skipped="0">
  <reporter-output>
  </reporter-output>
  <suite started-at="2023-06-19T14:02:26 BST" name="Default suite" finished-at="2023-06-19T14:02:46 BST" duration-ms="19310">
    <groups>
    </groups>
    <test started-at="2023-06-19T14:02:26 BST" name="Default test" finished-at="2023-06-19T14:02:46 BST" duration-ms="19310">
      <class name="TestCases.MyFirstTestCaseFW">
        <test-method is-config="true" signature="setUp()[pri:0, instance:TestCases.MyFirstTestCaseFW@2892d68]" started-at="2023-06-19T14:02:27 BST" name="setUp" finished-at="2023-06-19T14:02:33 BST" duration-ms="5484" status="PASS">
          <reporter-output>
          </reporter-output>
        </test-method> <!-- setUp -->
        <test-method signature="LoginTest(java.lang.String,java.lang.String)[pri:0, instance:TestCases.MyFirstTestCaseFW@2892d68]" started-at="2023-06-19T14:02:33 BST" name="LoginTest" data-provider="testdata" finished-at="2023-06-19T14:02:37 BST" duration-ms="4455" status="PASS">
          <params>
            <param index="0">
              <value>
                <![CDATA[sb.fitness79@gamil.com]]>
              </value>
            </param>
            <param index="1">
              <value>
                <![CDATA[automation8976]]>
              </value>
            </param>
          </params>
          <reporter-output>
          </reporter-output>
        </test-method> <!-- LoginTest -->
        <test-method is-config="true" signature="tearDown()[pri:0, instance:TestCases.MyFirstTestCaseFW@2892d68]" started-at="2023-06-19T14:02:37 BST" name="tearDown" finished-at="2023-06-19T14:02:37 BST" duration-ms="84" status="PASS">
          <reporter-output>
          </reporter-output>
        </test-method> <!-- tearDown -->
        <test-method is-config="true" signature="setUp()[pri:0, instance:TestCases.MyFirstTestCaseFW@2892d68]" started-at="2023-06-19T14:02:37 BST" name="setUp" finished-at="2023-06-19T14:02:41 BST" duration-ms="3617" status="PASS">
          <reporter-output>
          </reporter-output>
        </test-method> <!-- setUp -->
        <test-method signature="LoginTest(java.lang.String,java.lang.String)[pri:0, instance:TestCases.MyFirstTestCaseFW@2892d68]" started-at="2023-06-19T14:02:41 BST" name="LoginTest" data-provider="testdata" finished-at="2023-06-19T14:02:46 BST" duration-ms="4480" status="PASS">
          <params>
            <param index="0">
              <value>
                <![CDATA[sb.fitness79@gmail.com]]>
              </value>
            </param>
            <param index="1">
              <value>
                <![CDATA[Automation123]]>
              </value>
            </param>
          </params>
          <reporter-output>
          </reporter-output>
        </test-method> <!-- LoginTest -->
        <test-method is-config="true" signature="tearDown()[pri:0, instance:TestCases.MyFirstTestCaseFW@2892d68]" started-at="2023-06-19T14:02:46 BST" name="tearDown" finished-at="2023-06-19T14:02:46 BST" duration-ms="76" status="PASS">
          <reporter-output>
          </reporter-output>
        </test-method> <!-- tearDown -->
      </class> <!-- TestCases.MyFirstTestCaseFW -->
    </test> <!-- Default test -->
  </suite> <!-- Default suite -->
</testng-results>
